# JRE version: OpenJDK Runtime Environment (21.0.9) (build 21.0.9+-14649483-b1163.86)
# Java VM: OpenJDK 64-Bit Server VM (21.0.9+-14649483-b1163.86, mixed mode, tiered, compressed oops, compressed class ptrs, g1 gc, windows-amd64)
GC Precious Log:
 CardTable entry size: 512
 Card Set container configuration: InlinePtr #cards 5 size 8 Array Of Cards #cards 12 size 40 Howl #buckets 4 coarsen threshold 1843 Howl Bitmap #cards 512 size 80 coarsen threshold 460 Card regions per heap region 1 cards per card region 2048
 CPUs: 4 total, 4 available
 Memory: 7926M
 Large Page Support: Disabled
 NUMA Support: Disabled
 Compressed Oops: Enabled (32-bit)
 Heap Region Size: 1M
 Heap Min Capacity: 8M
 Heap Initial Capacity: 124M
 Heap Max Capacity: 2G
 Pre-touch: Disabled
 Parallel Workers: 4
 Concurrent Workers: 1
 Concurrent Refinement Workers: 4
 Periodic GC: Disabled
Heap:
 garbage-first heap   total 105472K, used 69070K [0x0000000080000000, 0x0000000100000000)
  region size 1024K, 15 young (15360K), 5 survivors (5120K)
 Metaspace       used 51461K, committed 52928K, reserved 1114112K
  class space    used 7159K, committed 7872K, reserved 1048576K
GC Heap History (20 events):
Event: 0.558 GC heap before
{Heap before GC invocations=1 (full 0):
 garbage-first heap   total 126976K, used 27776K [0x0000000080000000, 0x0000000100000000)
  region size 1024K, 28 young (28672K), 2 survivors (2048K)
 Metaspace       used 7999K, committed 8192K, reserved 1114112K
  class space    used 737K, committed 832K, reserved 1048576K
}
Event: 0.561 GC heap after
{Heap after GC invocations=2 (full 0):
 garbage-first heap   total 126976K, used 1707K [0x0000000080000000, 0x0000000100000000)
  region size 1024K, 2 young (2048K), 2 survivors (2048K)
 Metaspace       used 7999K, committed 8192K, reserved 1114112K
  class space    used 737K, committed 832K, reserved 1048576K
}
Event: 1.344 GC heap before
{Heap before GC invocations=2 (full 0):
 garbage-first heap   total 126976K, used 78507K [0x0000000080000000, 0x0000000100000000)
  region size 1024K, 74 young (75776K), 2 survivors (2048K)
 Metaspace       used 12812K, committed 12928K, reserved 1114112K
  class space    used 1397K, committed 1472K, reserved 1048576K
}
Event: 1.354 GC heap after
{Heap after GC invocations=3 (full 0):
 garbage-first heap   total 126976K, used 11778K [0x0000000080000000, 0x0000000100000000)
  region size 1024K, 8 young (8192K), 8 survivors (8192K)
 Metaspace       used 12812K, committed 12928K, reserved 1114112K
  class space    used 1397K, committed 1472K, reserved 1048576K
}
Event: 1.821 GC heap before
{Heap before GC invocations=3 (full 0):
 garbage-first heap   total 126976K, used 81410K [0x0000000080000000, 0x0000000100000000)
  region size 1024K, 74 young (75776K), 8 survivors (8192K)
 Metaspace       used 12927K, committed 13120K, reserved 1114112K
  class space    used 1398K, committed 1472K, reserved 1048576K
}
Event: 1.831 GC heap after
{Heap after GC invocations=4 (full 0):
 garbage-first heap   total 126976K, used 17781K [0x0000000080000000, 0x0000000100000000)
  region size 1024K, 5 young (5120K), 5 survivors (5120K)
 Metaspace       used 12927K, committed 13120K, reserved 1114112K
  class space    used 1398K, committed 1472K, reserved 1048576K
}
Event: 2.510 GC heap before
{Heap before GC invocations=4 (full 0):
 garbage-first heap   total 126976K, used 51573K [0x0000000080000000, 0x0000000100000000)
  region size 1024K, 39 young (39936K), 5 survivors (5120K)
 Metaspace       used 21192K, committed 21504K, reserved 1114112K
  class space    used 2481K, committed 2624K, reserved 1048576K
}
Event: 2.516 GC heap after
{Heap after GC invocations=5 (full 0):
 garbage-first heap   total 126976K, used 21125K [0x0000000080000000, 0x0000000100000000)
  region size 1024K, 8 young (8192K), 8 survivors (8192K)
 Metaspace       used 21192K, committed 21504K, reserved 1114112K
  class space    used 2481K, committed 2624K, reserved 1048576K
}
Event: 3.371 GC heap before
{Heap before GC invocations=6 (full 0):
 garbage-first heap   total 71680K, used 70277K [0x0000000080000000, 0x0000000100000000)
  region size 1024K, 55 young (56320K), 8 survivors (8192K)
 Metaspace       used 29819K, committed 30336K, reserved 1114112K
  class space    used 3694K, committed 3904K, reserved 1048576K
}
Event: 3.380 GC heap after
{Heap after GC invocations=7 (full 0):
 garbage-first heap   total 82944K, used 23498K [0x0000000080000000, 0x0000000100000000)
  region size 1024K, 6 young (6144K), 6 survivors (6144K)
 Metaspace       used 29819K, committed 30336K, reserved 1114112K
  class space    used 3694K, committed 3904K, reserved 1048576K
}
Event: 4.089 GC heap before
{Heap before GC invocations=7 (full 0):
 garbage-first heap   total 82944K, used 65482K [0x0000000080000000, 0x0000000100000000)
  region size 1024K, 48 young (49152K), 6 survivors (6144K)
 Metaspace       used 35454K, committed 36160K, reserved 1114112K
  class space    used 4654K, committed 4992K, reserved 1048576K
}
Event: 4.098 GC heap after
{Heap after GC invocations=8 (full 0):
 garbage-first heap   total 100352K, used 26243K [0x0000000080000000, 0x0000000100000000)
  region size 1024K, 6 young (6144K), 6 survivors (6144K)
 Metaspace       used 35454K, committed 36160K, reserved 1114112K
  class space    used 4654K, committed 4992K, reserved 1048576K
}
Event: 4.131 GC heap before
{Heap before GC invocations=8 (full 0):
 garbage-first heap   total 100352K, used 28291K [0x0000000080000000, 0x0000000100000000)
  region size 1024K, 9 young (9216K), 6 survivors (6144K)
 Metaspace       used 35755K, committed 36480K, reserved 1114112K
  class space    used 4703K, committed 5056K, reserved 1048576K
}
Event: 4.136 GC heap after
{Heap after GC invocations=9 (full 0):
 garbage-first heap   total 100352K, used 26852K [0x0000000080000000, 0x0000000100000000)
  region size 1024K, 4 young (4096K), 4 survivors (4096K)
 Metaspace       used 35755K, committed 36480K, reserved 1114112K
  class space    used 4703K, committed 5056K, reserved 1048576K
}
Event: 4.945 GC heap before
{Heap before GC invocations=10 (full 0):
 garbage-first heap   total 92160K, used 90340K [0x0000000080000000, 0x0000000100000000)
  region size 1024K, 49 young (50176K), 4 survivors (4096K)
 Metaspace       used 40739K, committed 41728K, reserved 1114112K
  class space    used 5543K, committed 6016K, reserved 1048576K
}
Event: 4.954 GC heap after
{Heap after GC invocations=11 (full 0):
 garbage-first heap   total 105472K, used 54999K [0x0000000080000000, 0x0000000100000000)
  region size 1024K, 7 young (7168K), 7 survivors (7168K)
 Metaspace       used 40739K, committed 41728K, reserved 1114112K
  class space    used 5543K, committed 6016K, reserved 1048576K
}
Event: 5.881 GC heap before
{Heap before GC invocations=11 (full 0):
 garbage-first heap   total 105472K, used 90839K [0x0000000080000000, 0x0000000100000000)
  region size 1024K, 42 young (43008K), 7 survivors (7168K)
 Metaspace       used 44793K, committed 46016K, reserved 1114112K
  class space    used 6256K, committed 6848K, reserved 1048576K
}
Event: 5.888 GC heap after
{Heap after GC invocations=12 (full 0):
 garbage-first heap   total 105472K, used 56500K [0x0000000080000000, 0x0000000100000000)
  region size 1024K, 2 young (2048K), 2 survivors (2048K)
 Metaspace       used 44793K, committed 46016K, reserved 1114112K
  class space    used 6256K, committed 6848K, reserved 1048576K
}
Event: 6.437 GC heap before
{Heap before GC invocations=12 (full 0):
 garbage-first heap   total 105472K, used 91316K [0x0000000080000000, 0x0000000100000000)
  region size 1024K, 37 young (37888K), 2 survivors (2048K)
 Metaspace       used 50403K, committed 51776K, reserved 1114112K
  class space    used 6997K, committed 7680K, reserved 1048576K
}
Event: 6.445 GC heap after
{Heap after GC invocations=13 (full 0):
 garbage-first heap   total 105472K, used 59854K [0x0000000080000000, 0x0000000100000000)
  region size 1024K, 5 young (5120K), 5 survivors (5120K)
 Metaspace       used 50403K, committed 51776K, reserved 1114112K
  class space    used 6997K, committed 7680K, reserved 1048576K
}

